AddApgroupConfigResponseUnmarshaller.java
AliyunRegisterApAssetResponseUnmarshaller.java
ApgroupBatchAddApResponseUnmarshaller.java
ApgroupBatchDeleteApResponseUnmarshaller.java
BatchRegisterApAssetResponseUnmarshaller.java
BatchSaveApPositionResponseUnmarshaller.java
DelApPositionResponseUnmarshaller.java
DeleteApRadioSsidConfigResponseUnmarshaller.java
DeleteApgroupConfigResponseUnmarshaller.java
DeleteApgroupSsidConfigResponseUnmarshaller.java
DeletePositionMapResponseUnmarshaller.java
FindApResponseUnmarshaller.java
GetAccountConfigResponseUnmarshaller.java
GetAddApsProgressResponseUnmarshaller.java
GetApDetailedConfigResponseUnmarshaller.java
GetApDetailedStatusResponseUnmarshaller.java
GetApRunHistoryTimeSerResponseUnmarshaller.java
GetApgroupConfigProgressResponseUnmarshaller.java
GetApgroupDetailedConfigResponseUnmarshaller.java
GetApgroupScanConfigSaveProgressResponseUnmarshaller.java
GetApgroupSsidConfigProgressResponseUnmarshaller.java
GetGroupApRadioConfigProgressResponseUnmarshaller.java
GetGroupApRadioOnoffProgressResponseUnmarshaller.java
GetGroupApRepairProgressResponseUnmarshaller.java
GetLatestApStatisticResponseUnmarshaller.java
GetLatestStaStatisticResponseUnmarshaller.java
GetOnlineApTimeSerResponseUnmarshaller.java
GetOnlineStaTimeSerResponseUnmarshaller.java
GetRadioRunHistoryTimeSerResponseUnmarshaller.java
GetStaDetailedStatusResponseUnmarshaller.java
GetStaRunHistoryTimeSerResponseUnmarshaller.java
KickAndClearPMKcacheResponseUnmarshaller.java
KickStaResponseUnmarshaller.java
ListAccountConfigResponseUnmarshaller.java
ListApAssetResponseUnmarshaller.java
ListApDetailInfoResponseUnmarshaller.java
ListApPositionMapResponseUnmarshaller.java
ListApPositionResponseUnmarshaller.java
ListApPositionStatusResponseUnmarshaller.java
ListApRadioStatusResponseUnmarshaller.java
ListApStaStatusResponseUnmarshaller.java
ListApStatusResponseUnmarshaller.java
ListApgroupConfigResponseUnmarshaller.java
ListBriefApConfigResponseUnmarshaller.java
ListBriefConfigByActionResponseUnmarshaller.java
ListConfigByActionResponseUnmarshaller.java
ListGroupApBriefConfigResponseUnmarshaller.java
ListStaOnoffLogResponseUnmarshaller.java
ListStaStatusResponseUnmarshaller.java
OnoffGroupApRadioResponseUnmarshaller.java
RepairApResponseUnmarshaller.java
RepairGroupApResponseUnmarshaller.java
ResetApConfigResponseUnmarshaller.java
ResetApResponseUnmarshaller.java
SaveAccountConfigResponseUnmarshaller.java
SaveApConfigResponseUnmarshaller.java
SaveApMapInfoResponseUnmarshaller.java
SaveApPortalConfigResponseUnmarshaller.java
SaveApRadioConfigResponseUnmarshaller.java
SaveApRadioSsidConfigResponseUnmarshaller.java
SaveApScanConfigResponseUnmarshaller.java
SaveApgroupConfigResponseUnmarshaller.java
SaveApgroupScanConfigResponseUnmarshaller.java
SaveApgroupSsidConfigResponseUnmarshaller.java
SaveGroupApRadioConfigResponseUnmarshaller.java
SavePortalConfigResponseUnmarshaller.java
SaveStaStatusResponseUnmarshaller.java
