AddApgroupConfigRequest.java
AddApgroupConfigResponse.java
AliyunRegisterApAssetRequest.java
AliyunRegisterApAssetResponse.java
ApgroupBatchAddApRequest.java
ApgroupBatchAddApResponse.java
ApgroupBatchDeleteApRequest.java
ApgroupBatchDeleteApResponse.java
BatchRegisterApAssetRequest.java
BatchRegisterApAssetResponse.java
BatchSaveApPositionRequest.java
BatchSaveApPositionResponse.java
DelApPositionRequest.java
DelApPositionResponse.java
DeleteApRadioSsidConfigRequest.java
DeleteApRadioSsidConfigResponse.java
DeleteApgroupConfigRequest.java
DeleteApgroupConfigResponse.java
DeleteApgroupSsidConfigRequest.java
DeleteApgroupSsidConfigResponse.java
DeletePositionMapRequest.java
DeletePositionMapResponse.java
FindApRequest.java
FindApResponse.java
GetAccountConfigRequest.java
GetAccountConfigResponse.java
GetAddApsProgressRequest.java
GetAddApsProgressResponse.java
GetApDetailedConfigRequest.java
GetApDetailedConfigResponse.java
GetApDetailedStatusRequest.java
GetApDetailedStatusResponse.java
GetApRunHistoryTimeSerRequest.java
GetApRunHistoryTimeSerResponse.java
GetApgroupConfigProgressRequest.java
GetApgroupConfigProgressResponse.java
GetApgroupDetailedConfigRequest.java
GetApgroupDetailedConfigResponse.java
GetApgroupScanConfigSaveProgressRequest.java
GetApgroupScanConfigSaveProgressResponse.java
GetApgroupSsidConfigProgressRequest.java
GetApgroupSsidConfigProgressResponse.java
GetGroupApRadioConfigProgressRequest.java
GetGroupApRadioConfigProgressResponse.java
GetGroupApRadioOnoffProgressRequest.java
GetGroupApRadioOnoffProgressResponse.java
GetGroupApRepairProgressRequest.java
GetGroupApRepairProgressResponse.java
GetLatestApStatisticRequest.java
GetLatestApStatisticResponse.java
GetLatestStaStatisticRequest.java
GetLatestStaStatisticResponse.java
GetOnlineApTimeSerRequest.java
GetOnlineApTimeSerResponse.java
GetOnlineStaTimeSerRequest.java
GetOnlineStaTimeSerResponse.java
GetRadioRunHistoryTimeSerRequest.java
GetRadioRunHistoryTimeSerResponse.java
GetStaDetailedStatusRequest.java
GetStaDetailedStatusResponse.java
GetStaRunHistoryTimeSerRequest.java
GetStaRunHistoryTimeSerResponse.java
KickAndClearPMKcacheRequest.java
KickAndClearPMKcacheResponse.java
KickStaRequest.java
KickStaResponse.java
ListAccountConfigRequest.java
ListAccountConfigResponse.java
ListApAssetRequest.java
ListApAssetResponse.java
ListApDetailInfoRequest.java
ListApDetailInfoResponse.java
ListApPositionMapRequest.java
ListApPositionMapResponse.java
ListApPositionRequest.java
ListApPositionResponse.java
ListApPositionStatusRequest.java
ListApPositionStatusResponse.java
ListApRadioStatusRequest.java
ListApRadioStatusResponse.java
ListApStaStatusRequest.java
ListApStaStatusResponse.java
ListApStatusRequest.java
ListApStatusResponse.java
ListApgroupConfigRequest.java
ListApgroupConfigResponse.java
ListBriefApConfigRequest.java
ListBriefApConfigResponse.java
ListBriefConfigByActionRequest.java
ListBriefConfigByActionResponse.java
ListConfigByActionRequest.java
ListConfigByActionResponse.java
ListGroupApBriefConfigRequest.java
ListGroupApBriefConfigResponse.java
ListStaOnoffLogRequest.java
ListStaOnoffLogResponse.java
ListStaStatusRequest.java
ListStaStatusResponse.java
OnoffGroupApRadioRequest.java
OnoffGroupApRadioResponse.java
RepairApRequest.java
RepairApResponse.java
RepairGroupApRequest.java
RepairGroupApResponse.java
ResetApConfigRequest.java
ResetApConfigResponse.java
ResetApRequest.java
ResetApResponse.java
SaveAccountConfigRequest.java
SaveAccountConfigResponse.java
SaveApConfigRequest.java
SaveApConfigResponse.java
SaveApMapInfoRequest.java
SaveApMapInfoResponse.java
SaveApPortalConfigRequest.java
SaveApPortalConfigResponse.java
SaveApRadioConfigRequest.java
SaveApRadioConfigResponse.java
SaveApRadioSsidConfigRequest.java
SaveApRadioSsidConfigResponse.java
SaveApScanConfigRequest.java
SaveApScanConfigResponse.java
SaveApgroupConfigRequest.java
SaveApgroupConfigResponse.java
SaveApgroupScanConfigRequest.java
SaveApgroupScanConfigResponse.java
SaveApgroupSsidConfigRequest.java
SaveApgroupSsidConfigResponse.java
SaveGroupApRadioConfigRequest.java
SaveGroupApRadioConfigResponse.java
SavePortalConfigRequest.java
SavePortalConfigResponse.java
SaveStaStatusRequest.java
SaveStaStatusResponse.java
